<?xml version="1.0" encoding="UTF-8"?>
<!-- Generated by org.testng.reporters.JUnitReportReporter -->
<testsuite hostname="DESKTOP-Q3G77D0" name="runner.Test" tests="1" failures="0" timestamp="24 Aug 2018 01:00:04 GMT" time="93.517" errors="0">
  <testcase name="feature" time="93.517" classname="runner.Test"/>
</testsuite> <!-- runner.Test -->
